This is pdfTeX, Version 3.14159265-2.6-1.40.21 (MiKTeX 20.11) (preloaded format=pdflatex 2021.3.6)  9 JUN 2021 12:18
entering extended mode
**./report_4_VV.tex
(report_4_VV.tex
LaTeX2e <2020-10-01> patch level 4
L3 programming layer <2021-01-09> xparse <2020-03-03>
("C:\Users\–•–∏—Ç—Ä–∏–Ω—Ü–µ–≤–∞ –í–∞–ª–µ—Ä–∏—è\AppData\Local\Programs\MiKTeX\te
x/latex/base\article.cls"
Document Class: article 2020/04/10 v1.4m Standard LaTeX document class

("C:\Users\–•–∏—Ç—Ä–∏–Ω—Ü–µ–≤–∞ –í–∞–ª–µ—Ä–∏—è\AppData\Local\Programs\MiKTeX\te
x/latex/base\size12.clo"
File: size12.clo 2020/04/10 v1.4m Standard LaTeX file (size option)
)
\c@part=\count177
\c@section=\count178
\c@subsection=\count179
\c@subsubsection=\count180
\c@paragraph=\count181
\c@subparagraph=\count182
\c@figure=\count183
\c@table=\count184
\abovecaptionskip=\skip47
\belowcaptionskip=\skip48
\bibindent=\dimen138
)
("C:\Users\–•–∏—Ç—Ä–∏–Ω—Ü–µ–≤–∞ –í–∞–ª–µ—Ä–∏—è\AppData\Local\Programs\MiKTeX\te
x/latex/base\fontenc.sty"
Package: fontenc 2020/08/10 v2.0s Standard LaTeX package

("C:\Users\–•–∏—Ç—Ä–∏–Ω—Ü–µ–≤–∞ –í–∞–ª–µ—Ä–∏—è\AppData\Local\Programs\MiKTeX\te
x/latex/cyrillic\t2aenc.def"
File: t2aenc.def 2005/09/27 v1.0i Cyrillic encoding definition file
Now handling font encoding T2A ...
... processing UTF-8 mapping file for font encoding T2A

("C:\Users\–•–∏—Ç—Ä–∏–Ω—Ü–µ–≤–∞ –í–∞–ª–µ—Ä–∏—è\AppData\Local\Programs\MiKTeX\te
x/latex/base\t2aenc.dfu"
File: t2aenc.dfu 2019/11/14 v1.2k UTF-8 support for inputenc
   defining Unicode char U+00A4 (decimal 164)
   defining Unicode char U+00A7 (decimal 167)
   defining Unicode char U+00AB (decimal 171)
   defining Unicode char U+00BB (decimal 187)
   defining Unicode char U+0131 (decimal 305)
   defining Unicode char U+0237 (decimal 567)
   defining Unicode char U+0400 (decimal 1024)
   defining Unicode char U+0401 (decimal 1025)
   defining Unicode char U+0402 (decimal 1026)
   defining Unicode char U+0403 (decimal 1027)
   defining Unicode char U+0404 (decimal 1028)
   defining Unicode char U+0405 (decimal 1029)
   defining Unicode char U+0406 (decimal 1030)
   defining Unicode char U+0407 (decimal 1031)
   defining Unicode char U+0408 (decimal 1032)
   defining Unicode char U+0409 (decimal 1033)
   defining Unicode char U+040A (decimal 1034)
   defining Unicode char U+040B (decimal 1035)
   defining Unicode char U+040C (decimal 1036)
   defining Unicode char U+040D (decimal 1037)
   defining Unicode char U+040E (decimal 1038)
   defining Unicode char U+040F (decimal 1039)
   defining Unicode char U+0410 (decimal 1040)
   defining Unicode char U+0411 (decimal 1041)
   defining Unicode char U+0412 (decimal 1042)
   defining Unicode char U+0413 (decimal 1043)
   defining Unicode char U+0414 (decimal 1044)
   defining Unicode char U+0415 (decimal 1045)
   defining Unicode char U+0416 (decimal 1046)
   defining Unicode char U+0417 (decimal 1047)
   defining Unicode char U+0418 (decimal 1048)
   defining Unicode char U+0419 (decimal 1049)
   defining Unicode char U+041A (decimal 1050)
   defining Unicode char U+041B (decimal 1051)
   defining Unicode char U+041C (decimal 1052)
   defining Unicode char U+041D (decimal 1053)
   defining Unicode char U+041E (decimal 1054)
   defining Unicode char U+041F (decimal 1055)
   defining Unicode char U+0420 (decimal 1056)
   defining Unicode char U+0421 (decimal 1057)
   defining Unicode char U+0422 (decimal 1058)
   defining Unicode char U+0423 (decimal 1059)
   defining Unicode char U+0424 (decimal 1060)
   defining Unicode char U+0425 (decimal 1061)
   defining Unicode char U+0426 (decimal 1062)
   defining Unicode char U+0427 (decimal 1063)
   defining Unicode char U+0428 (decimal 1064)
   defining Unicode char U+0429 (decimal 1065)
   defining Unicode char U+042A (decimal 1066)
   defining Unicode char U+042B (decimal 1067)
   defining Unicode char U+042C (decimal 1068)
   defining Unicode char U+042D (decimal 1069)
   defining Unicode char U+042E (decimal 1070)
   defining Unicode char U+042F (decimal 1071)
   defining Unicode char U+0430 (decimal 1072)
   defining Unicode char U+0431 (decimal 1073)
   defining Unicode char U+0432 (decimal 1074)
   defining Unicode char U+0433 (decimal 1075)
   defining Unicode char U+0434 (decimal 1076)
   defining Unicode char U+0435 (decimal 1077)
   defining Unicode char U+0436 (decimal 1078)
   defining Unicode char U+0437 (decimal 1079)
   defining Unicode char U+0438 (decimal 1080)
   defining Unicode char U+0439 (decimal 1081)
   defining Unicode char U+043A (decimal 1082)
   defining Unicode char U+043B (decimal 1083)
   defining Unicode char U+043C (decimal 1084)
   defining Unicode char U+043D (decimal 1085)
   defining Unicode char U+043E (decimal 1086)
   defining Unicode char U+043F (decimal 1087)
   defining Unicode char U+0440 (decimal 1088)
   defining Unicode char U+0441 (decimal 1089)
   defining Unicode char U+0442 (decimal 1090)
   defining Unicode char U+0443 (decimal 1091)
   defining Unicode char U+0444 (decimal 1092)
   defining Unicode char U+0445 (decimal 1093)
   defining Unicode char U+0446 (decimal 1094)
   defining Unicode char U+0447 (decimal 1095)
   defining Unicode char U+0448 (decimal 1096)
   defining Unicode char U+0449 (decimal 1097)
   defining Unicode char U+044A (decimal 1098)
   defining Unicode char U+044B (decimal 1099)
   defining Unicode char U+044C (decimal 1100)
   defining Unicode char U+044D (decimal 1101)
   defining Unicode char U+044E (decimal 1102)
   defining Unicode char U+044F (decimal 1103)
   defining Unicode char U+0450 (decimal 1104)
   defining Unicode char U+0451 (decimal 1105)
   defining Unicode char U+0452 (decimal 1106)
   defining Unicode char U+0453 (decimal 1107)
   defining Unicode char U+0454 (decimal 1108)
   defining Unicode char U+0455 (decimal 1109)
   defining Unicode char U+0456 (decimal 1110)
   defining Unicode char U+0457 (decimal 1111)
   defining Unicode char U+0458 (decimal 1112)
   defining Unicode char U+0459 (decimal 1113)
   defining Unicode char U+045A (decimal 1114)
   defining Unicode char U+045B (decimal 1115)
   defining Unicode char U+045C (decimal 1116)
   defining Unicode char U+045D (decimal 1117)
   defining Unicode char U+045E (decimal 1118)
   defining Unicode char U+045F (decimal 1119)
   defining Unicode char U+0490 (decimal 1168)
   defining Unicode char U+0491 (decimal 1169)
   defining Unicode char U+0492 (decimal 1170)
   defining Unicode char U+0493 (decimal 1171)
   defining Unicode char U+0496 (decimal 1174)
   defining Unicode char U+0497 (decimal 1175)
   defining Unicode char U+0498 (decimal 1176)
   defining Unicode char U+0499 (decimal 1177)
   defining Unicode char U+049A (decimal 1178)
   defining Unicode char U+049B (decimal 1179)
   defining Unicode char U+049C (decimal 1180)
   defining Unicode char U+049D (decimal 1181)
   defining Unicode char U+04A0 (decimal 1184)
   defining Unicode char U+04A1 (decimal 1185)
   defining Unicode char U+04A2 (decimal 1186)
   defining Unicode char U+04A3 (decimal 1187)
   defining Unicode char U+04A4 (decimal 1188)
   defining Unicode char U+04A5 (decimal 1189)
   defining Unicode char U+04AA (decimal 1194)
   defining Unicode char U+04AB (decimal 1195)
   defining Unicode char U+04AE (decimal 1198)
   defining Unicode char U+04AF (decimal 1199)
   defining Unicode char U+04B0 (decimal 1200)
   defining Unicode char U+04B1 (decimal 1201)
   defining Unicode char U+04B2 (decimal 1202)
   defining Unicode char U+04B3 (decimal 1203)
   defining Unicode char U+04B6 (decimal 1206)
   defining Unicode char U+04B7 (decimal 1207)
   defining Unicode char U+04B8 (decimal 1208)
   defining Unicode char U+04B9 (decimal 1209)
   defining Unicode char U+04BA (decimal 1210)
   defining Unicode char U+04BB (decimal 1211)
   defining Unicode char U+04C0 (decimal 1216)
   defining Unicode char U+04C1 (decimal 1217)
   defining Unicode char U+04C2 (decimal 1218)
   defining Unicode char U+04D0 (decimal 1232)
   defining Unicode char U+04D1 (decimal 1233)
   defining Unicode char U+04D2 (decimal 1234)
   defining Unicode char U+04D3 (decimal 1235)
   defining Unicode char U+04D4 (decimal 1236)
   defining Unicode char U+04D5 (decimal 1237)
   defining Unicode char U+04D6 (decimal 1238)
   defining Unicode char U+04D7 (decimal 1239)
   defining Unicode char U+04D8 (decimal 1240)
   defining Unicode char U+04D9 (decimal 1241)
   defining Unicode char U+04DA (decimal 1242)
   defining Unicode char U+04DB (decimal 1243)
   defining Unicode char U+04DC (decimal 1244)
   defining Unicode char U+04DD (decimal 1245)
   defining Unicode char U+04DE (decimal 1246)
   defining Unicode char U+04DF (decimal 1247)
   defining Unicode char U+04E2 (decimal 1250)
   defining Unicode char U+04E3 (decimal 1251)
   defining Unicode char U+04E4 (decimal 1252)
   defining Unicode char U+04E5 (decimal 1253)
   defining Unicode char U+04E6 (decimal 1254)
   defining Unicode char U+04E7 (decimal 1255)
   defining Unicode char U+04E8 (decimal 1256)
   defining Unicode char U+04E9 (decimal 1257)
   defining Unicode char U+04EC (decimal 1260)
   defining Unicode char U+04ED (decimal 1261)
   defining Unicode char U+04EE (decimal 1262)
   defining Unicode char U+04EF (decimal 1263)
   defining Unicode char U+04F0 (decimal 1264)
   defining Unicode char U+04F1 (decimal 1265)
   defining Unicode char U+04F2 (decimal 1266)
   defining Unicode char U+04F3 (decimal 1267)
   defining Unicode char U+04F4 (decimal 1268)
   defining Unicode char U+04F5 (decimal 1269)
   defining Unicode char U+04F8 (decimal 1272)
   defining Unicode char U+04F9 (decimal 1273)
   defining Unicode char U+200C (decimal 8204)
   defining Unicode char U+2013 (decimal 8211)
   defining Unicode char U+2014 (decimal 8212)
   defining Unicode char U+2018 (decimal 8216)
   defining Unicode char U+2019 (decimal 8217)
   defining Unicode char U+201C (decimal 8220)
   defining Unicode char U+201D (decimal 8221)
   defining Unicode char U+201E (decimal 8222)
   defining Unicode char U+2030 (decimal 8240)
   defining Unicode char U+2031 (decimal 8241)
   defining Unicode char U+2116 (decimal 8470)
   defining Unicode char U+2329 (decimal 9001)
   defining Unicode char U+232A (decimal 9002)
   defining Unicode char U+2423 (decimal 9251)
   defining Unicode char U+27E8 (decimal 10216)
   defining Unicode char U+27E9 (decimal 10217)
   defining Unicode char U+FB00 (decimal 64256)
   defining Unicode char U+FB01 (decimal 64257)
   defining Unicode char U+FB02 (decimal 64258)
   defining Unicode char U+FB03 (decimal 64259)
   defining Unicode char U+FB04 (decimal 64260)
   defining Unicode char U+FB05 (decimal 64261)
   defining Unicode char U+FB06 (decimal 64262)
))
LaTeX Font Info:    Trying to load font information for T2A+cmr on input line 1
12.

("C:\Users\–•–∏—Ç—Ä–∏–Ω—Ü–µ–≤–∞ –í–∞–ª–µ—Ä–∏—è\AppData\Local\Programs\MiKTeX\te
x/latex/cyrillic\t2acmr.fd"
File: t2acmr.fd 2001/08/11 v1.0a Computer Modern Cyrillic font definitions
))
("C:\Users\–•–∏—Ç—Ä–∏–Ω—Ü–µ–≤–∞ –í–∞–ª–µ—Ä–∏—è\AppData\Local\Programs\MiKTeX\te
x/latex/base\inputenc.sty"
Package: inputenc 2020/08/01 v1.3d Input encoding file
\inpenc@prehook=\toks15
\inpenc@posthook=\toks16
)
("C:\Users\–•–∏—Ç—Ä–∏–Ω—Ü–µ–≤–∞ –í–∞–ª–µ—Ä–∏—è\AppData\Local\Programs\MiKTeX\te
x/generic/babel\babel.sty"
Package: babel 2021/01/26 3.53 The Babel package

("C:\Users\–•–∏—Ç—Ä–∏–Ω—Ü–µ–≤–∞ –í–∞–ª–µ—Ä–∏—è\AppData\Local\Programs\MiKTeX\te
x/generic/babel\babel.def"
File: babel.def 2021/01/26 3.53 Babel common definitions
\babel@savecnt=\count185
\U@D=\dimen139
\l@babelnohyphens=\language79

("C:\Users\–•–∏—Ç—Ä–∏–Ω—Ü–µ–≤–∞ –í–∞–ª–µ—Ä–∏—è\AppData\Local\Programs\MiKTeX\te
x/generic/babel\txtbabel.def")
\bbl@readstream=\read2
)
\bbl@dirlevel=\count186

*************************************
* Local config file bblopts.cfg used
*

("C:\Users\–•–∏—Ç—Ä–∏–Ω—Ü–µ–≤–∞ –í–∞–ª–µ—Ä–∏—è\AppData\Local\Programs\MiKTeX\te
x/latex/arabi\bblopts.cfg"
File: bblopts.cfg 2005/09/08 v0.1 add Arabic and Farsi to "declared" options of
 babel
)
("C:\Users\–•–∏—Ç—Ä–∏–Ω—Ü–µ–≤–∞ –í–∞–ª–µ—Ä–∏—è\AppData\Local\Programs\MiKTeX\te
x/latex/babel-english\english.ldf"
Language: english 2017/06/06 v3.3r English support from the babel system
Package babel Info: \l@canadian = using hyphenrules for english
(babel)             (\language0) on input line 102.
Package babel Info: \l@australian = using hyphenrules for ukenglish
(babel)             (\language73) on input line 105.
Package babel Info: \l@newzealand = using hyphenrules for ukenglish
(babel)             (\language73) on input line 108.
)
("C:\Users\–•–∏—Ç—Ä–∏–Ω—Ü–µ–≤–∞ –í–∞–ª–µ—Ä–∏—è\AppData\Local\Programs\MiKTeX\te
x/latex/babel-russian\russianb.ldf"
File: russianb.ldf 2021/01/10 1.3m Russian support for the Babel system
Language: russian 2020/09/09 1.3k Russian support for the Babel system
Package babel Info: Making " an active character on input line 124.
Package babel Info: Default for \cyrdash is provided on input line 163.
))
("C:\Users\–•–∏—Ç—Ä–∏–Ω—Ü–µ–≤–∞ –í–∞–ª–µ—Ä–∏—è\AppData\Local\Programs\MiKTeX\te
x/latex/amsmath\amsmath.sty"
Package: amsmath 2020/09/23 v2.17i AMS math features
\@mathmargin=\skip49

For additional information on amsmath, use the `?' option.

("C:\Users\–•–∏—Ç—Ä–∏–Ω—Ü–µ–≤–∞ –í–∞–ª–µ—Ä–∏—è\AppData\Local\Programs\MiKTeX\te
x/latex/amsmath\amstext.sty"
Package: amstext 2000/06/29 v2.01 AMS text

("C:\Users\–•–∏—Ç—Ä–∏–Ω—Ü–µ–≤–∞ –í–∞–ª–µ—Ä–∏—è\AppData\Local\Programs\MiKTeX\te
x/latex/amsmath\amsgen.sty"
File: amsgen.sty 1999/11/30 v2.0 generic functions
\@emptytoks=\toks17
\ex@=\dimen140
))
("C:\Users\–•–∏—Ç—Ä–∏–Ω—Ü–µ–≤–∞ –í–∞–ª–µ—Ä–∏—è\AppData\Local\Programs\MiKTeX\te
x/latex/amsmath\amsbsy.sty"
Package: amsbsy 1999/11/29 v1.2d Bold Symbols
\pmbraise@=\dimen141
)
("C:\Users\–•–∏—Ç—Ä–∏–Ω—Ü–µ–≤–∞ –í–∞–ª–µ—Ä–∏—è\AppData\Local\Programs\MiKTeX\te
x/latex/amsmath\amsopn.sty"
Package: amsopn 2016/03/08 v2.02 operator names
)
\inf@bad=\count187
LaTeX Info: Redefining \frac on input line 234.
\uproot@=\count188
\leftroot@=\count189
LaTeX Info: Redefining \overline on input line 399.
\classnum@=\count190
\DOTSCASE@=\count191
LaTeX Info: Redefining \ldots on input line 496.
LaTeX Info: Redefining \dots on input line 499.
LaTeX Info: Redefining \cdots on input line 620.
\Mathstrutbox@=\box47
\strutbox@=\box48
\big@size=\dimen142
LaTeX Font Info:    Redeclaring font encoding OML on input line 743.
LaTeX Font Info:    Redeclaring font encoding OMS on input line 744.
\macc@depth=\count192
\c@MaxMatrixCols=\count193
\dotsspace@=\muskip16
\c@parentequation=\count194
\dspbrk@lvl=\count195
\tag@help=\toks18
\row@=\count196
\column@=\count197
\maxfields@=\count198
\andhelp@=\toks19
\eqnshift@=\dimen143
\alignsep@=\dimen144
\tagshift@=\dimen145
\tagwidth@=\dimen146
\totwidth@=\dimen147
\lineht@=\dimen148
\@envbody=\toks20
\multlinegap=\skip50
\multlinetaggap=\skip51
\mathdisplay@stack=\toks21
LaTeX Info: Redefining \[ on input line 2923.
LaTeX Info: Redefining \] on input line 2924.
)
("C:\Users\–•–∏—Ç—Ä–∏–Ω—Ü–µ–≤–∞ –í–∞–ª–µ—Ä–∏—è\AppData\Local\Programs\MiKTeX\te
x/latex/amsfonts\amsfonts.sty"
Package: amsfonts 2013/01/14 v3.01 Basic AMSFonts support
\symAMSa=\mathgroup4
\symAMSb=\mathgroup5
LaTeX Font Info:    Redeclaring math symbol \hbar on input line 98.
LaTeX Font Info:    Overwriting math alphabet `\mathfrak' in version `bold'
(Font)                  U/euf/m/n --> U/euf/b/n on input line 106.
)
("C:\Users\–•–∏—Ç—Ä–∏–Ω—Ü–µ–≤–∞ –í–∞–ª–µ—Ä–∏—è\AppData\Local\Programs\MiKTeX\te
x/latex/amsfonts\amssymb.sty"
Package: amssymb 2013/01/14 v3.01 AMS font symbols
)
("C:\Program Files\MiKTeX\tex/latex/tools\tabularx.sty"
Package: tabularx 2020/01/15 v2.11c `tabularx' package (DPC)

("C:\Program Files\MiKTeX\tex/latex/tools\array.sty"
Package: array 2019/08/31 v2.4l Tabular extension package (FMi)
\col@sep=\dimen149
\ar@mcellbox=\box49
\extrarowheight=\dimen150
\NC@list=\toks22
\extratabsurround=\skip52
\backup@length=\skip53
\ar@cellbox=\box50
)
\TX@col@width=\dimen151
\TX@old@table=\dimen152
\TX@old@col=\dimen153
\TX@target=\dimen154
\TX@delta=\dimen155
\TX@cols=\count199
\TX@ftn=\toks23
)
("C:\Users\–•–∏—Ç—Ä–∏–Ω—Ü–µ–≤–∞ –í–∞–ª–µ—Ä–∏—è\AppData\Local\Programs\MiKTeX\te
x/latex/graphics\graphicx.sty"
Package: graphicx 2020/09/09 v1.2b Enhanced LaTeX Graphics (DPC,SPQR)

("C:\Users\–•–∏—Ç—Ä–∏–Ω—Ü–µ–≤–∞ –í–∞–ª–µ—Ä–∏—è\AppData\Local\Programs\MiKTeX\te
x/latex/graphics\keyval.sty"
Package: keyval 2014/10/28 v1.15 key=value parser (DPC)
\KV@toks@=\toks24
)
("C:\Users\–•–∏—Ç—Ä–∏–Ω—Ü–µ–≤–∞ –í–∞–ª–µ—Ä–∏—è\AppData\Local\Programs\MiKTeX\te
x/latex/graphics\graphics.sty"
Package: graphics 2020/08/30 v1.4c Standard LaTeX Graphics (DPC,SPQR)

("C:\Users\–•–∏—Ç—Ä–∏–Ω—Ü–µ–≤–∞ –í–∞–ª–µ—Ä–∏—è\AppData\Local\Programs\MiKTeX\te
x/latex/graphics\trig.sty"
Package: trig 2016/01/03 v1.10 sin cos tan (DPC)
)
("C:\Users\–•–∏—Ç—Ä–∏–Ω—Ü–µ–≤–∞ –í–∞–ª–µ—Ä–∏—è\AppData\Local\Programs\MiKTeX\te
x/latex/graphics-cfg\graphics.cfg"
File: graphics.cfg 2016/06/04 v1.11 sample graphics configuration
)
Package graphics Info: Driver file: pdftex.def on input line 105.

("C:\Users\–•–∏—Ç—Ä–∏–Ω—Ü–µ–≤–∞ –í–∞–ª–µ—Ä–∏—è\AppData\Local\Programs\MiKTeX\te
x/latex/graphics-def\pdftex.def"
File: pdftex.def 2020/10/05 v1.2a Graphics/color driver for pdftex
))
\Gin@req@height=\dimen156
\Gin@req@width=\dimen157
)
("C:\Users\–•–∏—Ç—Ä–∏–Ω—Ü–µ–≤–∞ –í–∞–ª–µ—Ä–∏—è\AppData\Local\Programs\MiKTeX\te
x/latex/epstopdf-pkg\epstopdf.sty"
Package: epstopdf 2020-01-24 v2.11 Conversion with epstopdf on the fly (HO)

("C:\Users\–•–∏—Ç—Ä–∏–Ω—Ü–µ–≤–∞ –í–∞–ª–µ—Ä–∏—è\AppData\Local\Programs\MiKTeX\te
x/generic/infwarerr\infwarerr.sty"
Package: infwarerr 2019/12/03 v1.5 Providing info/warning/error messages (HO)
)
("C:\Users\–•–∏—Ç—Ä–∏–Ω—Ü–µ–≤–∞ –í–∞–ª–µ—Ä–∏—è\AppData\Local\Programs\MiKTeX\te
x/latex/grfext\grfext.sty"
Package: grfext 2019/12/03 v1.3 Manage graphics extensions (HO)

("C:\Users\–•–∏—Ç—Ä–∏–Ω—Ü–µ–≤–∞ –í–∞–ª–µ—Ä–∏—è\AppData\Local\Programs\MiKTeX\te
x/generic/kvdefinekeys\kvdefinekeys.sty"
Package: kvdefinekeys 2019-12-19 v1.6 Define keys (HO)
))
("C:\Users\–•–∏—Ç—Ä–∏–Ω—Ü–µ–≤–∞ –í–∞–ª–µ—Ä–∏—è\AppData\Local\Programs\MiKTeX\te
x/latex/kvoptions\kvoptions.sty"
Package: kvoptions 2020-10-07 v3.14 Key value format for package options (HO)

("C:\Users\–•–∏—Ç—Ä–∏–Ω—Ü–µ–≤–∞ –í–∞–ª–µ—Ä–∏—è\AppData\Local\Programs\MiKTeX\te
x/generic/ltxcmds\ltxcmds.sty"
Package: ltxcmds 2020-05-10 v1.25 LaTeX kernel commands for general use (HO)
)
("C:\Users\–•–∏—Ç—Ä–∏–Ω—Ü–µ–≤–∞ –í–∞–ª–µ—Ä–∏—è\AppData\Local\Programs\MiKTeX\te
x/generic/kvsetkeys\kvsetkeys.sty"
Package: kvsetkeys 2019/12/15 v1.18 Key value parser (HO)
))
("C:\Users\–•–∏—Ç—Ä–∏–Ω—Ü–µ–≤–∞ –í–∞–ª–µ—Ä–∏—è\AppData\Local\Programs\MiKTeX\te
x/generic/pdftexcmds\pdftexcmds.sty"
Package: pdftexcmds 2020-06-27 v0.33 Utility functions of pdfTeX for LuaTeX (HO
)

("C:\Users\–•–∏—Ç—Ä–∏–Ω—Ü–µ–≤–∞ –í–∞–ª–µ—Ä–∏—è\AppData\Local\Programs\MiKTeX\te
x/generic/iftex\iftex.sty"
Package: iftex 2020/03/06 v1.0d TeX engine tests
)
Package pdftexcmds Info: \pdf@primitive is available.
Package pdftexcmds Info: \pdf@ifprimitive is available.
Package pdftexcmds Info: \pdfdraftmode found.
)
("C:\Users\–•–∏—Ç—Ä–∏–Ω—Ü–µ–≤–∞ –í–∞–ª–µ—Ä–∏—è\AppData\Local\Programs\MiKTeX\te
x/latex/epstopdf-pkg\epstopdf-base.sty"
Package: epstopdf-base 2020-01-24 v2.11 Base part for package epstopdf
Package epstopdf-base Info: Redefining graphics rule for `.eps' on input line 4
85.
Package grfext Info: Graphics extension search list:
(grfext)             [.pdf,.png,.jpg,.mps,.jpeg,.jbig2,.jb2,.PDF,.PNG,.JPG,.JPE
G,.JBIG2,.JB2,.eps]
(grfext)             \AppendGraphicsExtensions on input line 504.
))
("C:\Users\–•–∏—Ç—Ä–∏–Ω—Ü–µ–≤–∞ –í–∞–ª–µ—Ä–∏—è\AppData\Local\Programs\MiKTeX\te
x/latex/pstool\pstool.sty"
Package: pstool 2018/01/20 v1.5e Wrapper for processing PostScript/psfrag figur
es

("C:\Users\–•–∏—Ç—Ä–∏–Ω—Ü–µ–≤–∞ –í–∞–ª–µ—Ä–∏—è\AppData\Local\Programs\MiKTeX\te
x/generic/catchfile\catchfile.sty"
Package: catchfile 2019/12/09 v1.8 Catch the contents of a file (HO)

("C:\Users\–•–∏—Ç—Ä–∏–Ω—Ü–µ–≤–∞ –í–∞–ª–µ—Ä–∏—è\AppData\Local\Programs\MiKTeX\te
x/generic/etexcmds\etexcmds.sty"
Package: etexcmds 2019/12/15 v1.7 Avoid name clashes with e-TeX commands (HO)
))
("C:\Users\–•–∏—Ç—Ä–∏–Ω—Ü–µ–≤–∞ –í–∞–ª–µ—Ä–∏—è\AppData\Local\Programs\MiKTeX\te
x/latex/graphics\color.sty"
Package: color 2020/02/24 v1.2b Standard LaTeX Color (DPC)

("C:\Users\–•–∏—Ç—Ä–∏–Ω—Ü–µ–≤–∞ –í–∞–ª–µ—Ä–∏—è\AppData\Local\Programs\MiKTeX\te
x/latex/graphics-cfg\color.cfg"
File: color.cfg 2016/01/02 v1.6 sample color configuration
)
Package color Info: Driver file: pdftex.def on input line 147.
)
("C:\Users\–•–∏—Ç—Ä–∏–Ω—Ü–µ–≤–∞ –í–∞–ª–µ—Ä–∏—è\AppData\Local\Programs\MiKTeX\te
x/generic/iftex\ifpdf.sty"
Package: ifpdf 2019/10/25 v3.4 ifpdf legacy package. Use iftex instead.
)
("C:\Users\–•–∏—Ç—Ä–∏–Ω—Ü–µ–≤–∞ –í–∞–ª–µ—Ä–∏—è\AppData\Local\Programs\MiKTeX\te
x/latex/ifplatform\ifplatform.sty"
Package: ifplatform 2017/10/13 v0.4a Testing for the operating system

("C:\Program Files\MiKTeX\tex/latex/tools\shellesc.sty"
Package: shellesc 2019/11/08 v1.0c unified shell escape interface for LaTeX
Package shellesc Info: Restricted shell escape enabled on input line 77.
)
("C:\Users\–•–∏—Ç—Ä–∏–Ω—Ü–µ–≤–∞ –í–∞–ª–µ—Ä–∏—è\AppData\Local\Programs\MiKTeX\te
x/generic/iftex\ifluatex.sty"
Package: ifluatex 2019/10/25 v1.5 ifluatex legacy package. Use iftex instead.
)

Package ifplatform Warning: 
    shell escape is disabled, so I can only detect \ifwindows.

)
("C:\Users\–•–∏—Ç—Ä–∏–Ω—Ü–µ–≤–∞ –í–∞–ª–µ—Ä–∏—è\AppData\Local\Programs\MiKTeX\te
x/latex/filemod\filemod.sty"
Package: filemod 2011/09/19 v1.2 Get and compare file modification times

("C:\Users\–•–∏—Ç—Ä–∏–Ω—Ü–µ–≤–∞ –í–∞–ª–µ—Ä–∏—è\AppData\Local\Programs\MiKTeX\te
x/latex/filemod\filemod-expmin.sty"
Package: filemod-expmin 2011/09/19 v1.2 Get and compare file modification times
 (expandable; minimal)
))
("C:\Users\–•–∏—Ç—Ä–∏–Ω—Ü–µ–≤–∞ –í–∞–ª–µ—Ä–∏—è\AppData\Local\Programs\MiKTeX\te
x/latex/psfrag\psfrag.sty"
Package: psfrag 1998/04/11 v3.04 PSfrag (MCG)
\pfg@pcount=\count266
\pfg@scount=\count267
\pfg@temp=\write3
)
("C:\Users\–•–∏—Ç—Ä–∏–Ω—Ü–µ–≤–∞ –í–∞–ª–µ—Ä–∏—è\AppData\Local\Programs\MiKTeX\te
x/latex/bigfoot\suffix.sty"
Package: suffix 2006/07/15 1.5a Variant command support
)
("C:\Users\–•–∏—Ç—Ä–∏–Ω—Ü–µ–≤–∞ –í–∞–ª–µ—Ä–∏—è\AppData\Local\Programs\MiKTeX\te
x/latex/trimspaces\trimspaces.sty"
Package: trimspaces 2009/09/17 v1.1 Trim spaces around a token list
)
("C:\Users\–•–∏—Ç—Ä–∏–Ω—Ü–µ–≤–∞ –í–∞–ª–µ—Ä–∏—è\AppData\Local\Programs\MiKTeX\te
x/latex/xkeyval\xkeyval.sty"
Package: xkeyval 2020/11/20 v2.8 package option processing (HA)

("C:\Users\–•–∏—Ç—Ä–∏–Ω—Ü–µ–≤–∞ –í–∞–ª–µ—Ä–∏—è\AppData\Local\Programs\MiKTeX\te
x/generic/xkeyval\xkeyval.tex"
("C:\Users\–•–∏—Ç—Ä–∏–Ω—Ü–µ–≤–∞ –í–∞–ª–µ—Ä–∏—è\AppData\Local\Programs\MiKTeX\te
x/generic/xkeyval\xkvutils.tex"
\XKV@toks=\toks25
\XKV@tempa@toks=\toks26
)
\XKV@depth=\count268
File: xkeyval.tex 2014/12/03 v2.7a key=value parser (HA)
))
("C:\Users\–•–∏—Ç—Ä–∏–Ω—Ü–µ–≤–∞ –í–∞–ª–µ—Ä–∏—è\AppData\Local\Programs\MiKTeX\te
x/latex/l3kernel\expl3.sty"
Package: expl3 2021-01-09 L3 programming layer (loader) 

("C:\Users\–•–∏—Ç—Ä–∏–Ω—Ü–µ–≤–∞ –í–∞–ª–µ—Ä–∏—è\AppData\Local\Programs\MiKTeX\te
x/latex/l3backend\l3backend-pdftex.def"
File: l3backend-pdftex.def 2021-01-09 L3 backend support: PDF output (pdfTeX)
\l__kernel_color_stack_int=\count269
\l__pdf_internal_box=\box51
))
\pstool@out=\write4
\pstool@mainfile@ior=\read3
\pstool@auxfile@ior=\read4


Package pstool Warning: 
  Package option [process=none] activated
  because -shell-escape is not enabled.
This warning occurred on input line 163.

runsystem(cd ""& copy "report_4_VV.aux" "report_4_VV.oldaux" )...disabled (rest
ricted).

)
("C:\Users\–•–∏—Ç—Ä–∏–Ω—Ü–µ–≤–∞ –í–∞–ª–µ—Ä–∏—è\AppData\Local\Programs\MiKTeX\te
x/latex/caption\caption.sty"
Package: caption 2020/10/26 v3.5g Customizing captions (AR)

("C:\Users\–•–∏—Ç—Ä–∏–Ω—Ü–µ–≤–∞ –í–∞–ª–µ—Ä–∏—è\AppData\Local\Programs\MiKTeX\te
x/latex/caption\caption3.sty"
Package: caption3 2020/10/21 v2.2e caption3 kernel (AR)
\captionmargin=\dimen158
\captionmargin@=\dimen159
\captionwidth=\dimen160
\caption@tempdima=\dimen161
\caption@indent=\dimen162
\caption@parindent=\dimen163
\caption@hangindent=\dimen164
Package caption Info: Standard document class detected.
)
\c@caption@flags=\count270
\c@continuedfloat=\count271
)
("C:\Users\–•–∏—Ç—Ä–∏–Ω—Ü–µ–≤–∞ –í–∞–ª–µ—Ä–∏—è\AppData\Local\Programs\MiKTeX\te
x/latex/lm\lmodern.sty"
Package: lmodern 2009/10/30 v1.6 Latin Modern Fonts
LaTeX Font Info:    Overwriting symbol font `operators' in version `normal'
(Font)                  OT1/cmr/m/n --> OT1/lmr/m/n on input line 22.
LaTeX Font Info:    Overwriting symbol font `letters' in version `normal'
(Font)                  OML/cmm/m/it --> OML/lmm/m/it on input line 23.
LaTeX Font Info:    Overwriting symbol font `symbols' in version `normal'
(Font)                  OMS/cmsy/m/n --> OMS/lmsy/m/n on input line 24.
LaTeX Font Info:    Overwriting symbol font `largesymbols' in version `normal'
(Font)                  OMX/cmex/m/n --> OMX/lmex/m/n on input line 25.
LaTeX Font Info:    Overwriting symbol font `operators' in version `bold'
(Font)                  OT1/cmr/bx/n --> OT1/lmr/bx/n on input line 26.
LaTeX Font Info:    Overwriting symbol font `letters' in version `bold'
(Font)                  OML/cmm/b/it --> OML/lmm/b/it on input line 27.
LaTeX Font Info:    Overwriting symbol font `symbols' in version `bold'
(Font)                  OMS/cmsy/b/n --> OMS/lmsy/b/n on input line 28.
LaTeX Font Info:    Overwriting symbol font `largesymbols' in version `bold'
(Font)                  OMX/cmex/m/n --> OMX/lmex/m/n on input line 29.
LaTeX Font Info:    Overwriting math alphabet `\mathbf' in version `normal'
(Font)                  OT1/cmr/bx/n --> OT1/lmr/bx/n on input line 31.
LaTeX Font Info:    Overwriting math alphabet `\mathsf' in version `normal'
(Font)                  OT1/cmss/m/n --> OT1/lmss/m/n on input line 32.
LaTeX Font Info:    Overwriting math alphabet `\mathit' in version `normal'
(Font)                  OT1/cmr/m/it --> OT1/lmr/m/it on input line 33.
LaTeX Font Info:    Overwriting math alphabet `\mathtt' in version `normal'
(Font)                  OT1/cmtt/m/n --> OT1/lmtt/m/n on input line 34.
LaTeX Font Info:    Overwriting math alphabet `\mathbf' in version `bold'
(Font)                  OT1/cmr/bx/n --> OT1/lmr/bx/n on input line 35.
LaTeX Font Info:    Overwriting math alphabet `\mathsf' in version `bold'
(Font)                  OT1/cmss/bx/n --> OT1/lmss/bx/n on input line 36.
LaTeX Font Info:    Overwriting math alphabet `\mathit' in version `bold'
(Font)                  OT1/cmr/bx/it --> OT1/lmr/bx/it on input line 37.
LaTeX Font Info:    Overwriting math alphabet `\mathtt' in version `bold'
(Font)                  OT1/cmtt/m/n --> OT1/lmtt/m/n on input line 38.
)
("C:\Users\–•–∏—Ç—Ä–∏–Ω—Ü–µ–≤–∞ –í–∞–ª–µ—Ä–∏—è\AppData\Local\Programs\MiKTeX\te
x/latex/xcolor\xcolor.sty"
Package: xcolor 2016/05/11 v2.12 LaTeX color extensions (UK)

("C:\Users\–•–∏—Ç—Ä–∏–Ω—Ü–µ–≤–∞ –í–∞–ª–µ—Ä–∏—è\AppData\Local\Programs\MiKTeX\te
x/latex/graphics-cfg\color.cfg"
File: color.cfg 2016/01/02 v1.6 sample color configuration
)
Package xcolor Info: Driver file: pdftex.def on input line 225.
LaTeX Info: Redefining \color on input line 709.
Package xcolor Info: Model `cmy' substituted by `cmy0' on input line 1348.
Package xcolor Info: Model `hsb' substituted by `rgb' on input line 1352.
Package xcolor Info: Model `RGB' extended on input line 1364.
Package xcolor Info: Model `HTML' substituted by `rgb' on input line 1366.
Package xcolor Info: Model `Hsb' substituted by `hsb' on input line 1367.
Package xcolor Info: Model `tHsb' substituted by `hsb' on input line 1368.
Package xcolor Info: Model `HSB' substituted by `hsb' on input line 1369.
Package xcolor Info: Model `Gray' substituted by `gray' on input line 1370.
Package xcolor Info: Model `wave' substituted by `hsb' on input line 1371.
)
("C:\Users\–•–∏—Ç—Ä–∏–Ω—Ü–µ–≤–∞ –í–∞–ª–µ—Ä–∏—è\AppData\Local\Programs\MiKTeX\te
x/latex/hyperref\hyperref.sty"
Package: hyperref 2020-05-15 v7.00e Hypertext links for LaTeX

("C:\Users\–•–∏—Ç—Ä–∏–Ω—Ü–µ–≤–∞ –í–∞–ª–µ—Ä–∏—è\AppData\Local\Programs\MiKTeX\te
x/generic/pdfescape\pdfescape.sty"
Package: pdfescape 2019/12/09 v1.15 Implements pdfTeX's escape features (HO)
)
("C:\Users\–•–∏—Ç—Ä–∏–Ω—Ü–µ–≤–∞ –í–∞–ª–µ—Ä–∏—è\AppData\Local\Programs\MiKTeX\te
x/latex/hycolor\hycolor.sty"
Package: hycolor 2020-01-27 v1.10 Color options for hyperref/bookmark (HO)
)
("C:\Users\–•–∏—Ç—Ä–∏–Ω—Ü–µ–≤–∞ –í–∞–ª–µ—Ä–∏—è\AppData\Local\Programs\MiKTeX\te
x/latex/letltxmacro\letltxmacro.sty"
Package: letltxmacro 2019/12/03 v1.6 Let assignment for LaTeX macros (HO)
)
("C:\Users\–•–∏—Ç—Ä–∏–Ω—Ü–µ–≤–∞ –í–∞–ª–µ—Ä–∏—è\AppData\Local\Programs\MiKTeX\te
x/latex/auxhook\auxhook.sty"
Package: auxhook 2019-12-17 v1.6 Hooks for auxiliary files (HO)
)
\@linkdim=\dimen165
\Hy@linkcounter=\count272
\Hy@pagecounter=\count273

("C:\Users\–•–∏—Ç—Ä–∏–Ω—Ü–µ–≤–∞ –í–∞–ª–µ—Ä–∏—è\AppData\Local\Programs\MiKTeX\te
x/latex/hyperref\pd1enc.def"
File: pd1enc.def 2020-05-15 v7.00e Hyperref: PDFDocEncoding definition (HO)
Now handling font encoding PD1 ...
... no UTF-8 mapping file for font encoding PD1
)
("C:\Users\–•–∏—Ç—Ä–∏–Ω—Ü–µ–≤–∞ –í–∞–ª–µ—Ä–∏—è\AppData\Local\Programs\MiKTeX\te
x/generic/intcalc\intcalc.sty"
Package: intcalc 2019/12/15 v1.3 Expandable calculations with integers (HO)
)
\Hy@SavedSpaceFactor=\count274
Package hyperref Info: Option `unicode' set `true' on input line 3427.

("C:\Users\–•–∏—Ç—Ä–∏–Ω—Ü–µ–≤–∞ –í–∞–ª–µ—Ä–∏—è\AppData\Local\Programs\MiKTeX\te
x/latex/hyperref\puenc.def"
File: puenc.def 2020-05-15 v7.00e Hyperref: PDF Unicode definition (HO)
Now handling font encoding PU ...
... no UTF-8 mapping file for font encoding PU
)
Package hyperref Info: Hyper figures OFF on input line 4464.
Package hyperref Info: Link nesting OFF on input line 4469.
Package hyperref Info: Hyper index ON on input line 4472.
Package hyperref Info: Plain pages OFF on input line 4479.
Package hyperref Info: Backreferencing OFF on input line 4484.
Package hyperref Info: Implicit mode ON; LaTeX internals redefined.
Package hyperref Info: Bookmarks ON on input line 4717.
\c@Hy@tempcnt=\count275

("C:\Users\–•–∏—Ç—Ä–∏–Ω—Ü–µ–≤–∞ –í–∞–ª–µ—Ä–∏—è\AppData\Local\Programs\MiKTeX\te
x/latex/url\url.sty"
\Urlmuskip=\muskip17
Package: url 2013/09/16  ver 3.4  Verb mode for urls, etc.
)
LaTeX Info: Redefining \url on input line 5076.
\XeTeXLinkMargin=\dimen166

("C:\Users\–•–∏—Ç—Ä–∏–Ω—Ü–µ–≤–∞ –í–∞–ª–µ—Ä–∏—è\AppData\Local\Programs\MiKTeX\te
x/generic/bitset\bitset.sty"
Package: bitset 2019/12/09 v1.3 Handle bit-vector datatype (HO)

("C:\Users\–•–∏—Ç—Ä–∏–Ω—Ü–µ–≤–∞ –í–∞–ª–µ—Ä–∏—è\AppData\Local\Programs\MiKTeX\te
x/generic/bigintcalc\bigintcalc.sty"
Package: bigintcalc 2019/12/15 v1.5 Expandable calculations on big integers (HO
)
))
\Fld@menulength=\count276
\Field@Width=\dimen167
\Fld@charsize=\dimen168
Package hyperref Info: Hyper figures OFF on input line 6347.
Package hyperref Info: Link nesting OFF on input line 6352.
Package hyperref Info: Hyper index ON on input line 6355.
Package hyperref Info: backreferencing OFF on input line 6362.
Package hyperref Info: Link coloring OFF on input line 6367.
Package hyperref Info: Link coloring with OCG OFF on input line 6372.
Package hyperref Info: PDF/A mode OFF on input line 6377.
LaTeX Info: Redefining \ref on input line 6417.
LaTeX Info: Redefining \pageref on input line 6421.

("C:\Users\–•–∏—Ç—Ä–∏–Ω—Ü–µ–≤–∞ –í–∞–ª–µ—Ä–∏—è\AppData\Local\Programs\MiKTeX\te
x/latex/base\atbegshi-ltx.sty"
Package: atbegshi-ltx 2020/08/17 v1.0a Emulation of the original atbegshi packa
ge
with kernel methods
)
\Hy@abspage=\count277
\c@Item=\count278
\c@Hfootnote=\count279
)
Package hyperref Info: Driver (autodetected): hpdftex.

("C:\Users\–•–∏—Ç—Ä–∏–Ω—Ü–µ–≤–∞ –í–∞–ª–µ—Ä–∏—è\AppData\Local\Programs\MiKTeX\te
x/latex/hyperref\hpdftex.def"
File: hpdftex.def 2020-05-15 v7.00e Hyperref driver for pdfTeX

("C:\Users\–•–∏—Ç—Ä–∏–Ω—Ü–µ–≤–∞ –í–∞–ª–µ—Ä–∏—è\AppData\Local\Programs\MiKTeX\te
x/latex/base\atveryend-ltx.sty"
Package: atveryend-ltx 2020/08/19 v1.0a Emulation of the original atvery packag
e
with kernel methods
)
\Fld@listcount=\count280
\c@bookmark@seq@number=\count281

("C:\Users\–•–∏—Ç—Ä–∏–Ω—Ü–µ–≤–∞ –í–∞–ª–µ—Ä–∏—è\AppData\Local\Programs\MiKTeX\te
x/latex/rerunfilecheck\rerunfilecheck.sty"
Package: rerunfilecheck 2019/12/05 v1.9 Rerun checks for auxiliary files (HO)

("C:\Users\–•–∏—Ç—Ä–∏–Ω—Ü–µ–≤–∞ –í–∞–ª–µ—Ä–∏—è\AppData\Local\Programs\MiKTeX\te
x/generic/uniquecounter\uniquecounter.sty"
Package: uniquecounter 2019/12/15 v1.4 Provide unlimited unique counter (HO)
)
Package uniquecounter Info: New unique counter `rerunfilecheck' on input line 2
86.
)
\Hy@SectionHShift=\skip54
) (report_4_VV.aux

LaTeX Warning: Label `sec:normal' multiply defined.

)
\openout1 = `report_4_VV.aux'.

LaTeX Font Info:    Checking defaults for OML/cmm/m/it on input line 35.
LaTeX Font Info:    ... okay on input line 35.
LaTeX Font Info:    Checking defaults for OMS/cmsy/m/n on input line 35.
LaTeX Font Info:    ... okay on input line 35.
LaTeX Font Info:    Checking defaults for OT1/cmr/m/n on input line 35.
LaTeX Font Info:    ... okay on input line 35.
LaTeX Font Info:    Checking defaults for T1/cmr/m/n on input line 35.
LaTeX Font Info:    ... okay on input line 35.
LaTeX Font Info:    Checking defaults for TS1/cmr/m/n on input line 35.
LaTeX Font Info:    ... okay on input line 35.
LaTeX Font Info:    Checking defaults for OMX/cmex/m/n on input line 35.
LaTeX Font Info:    ... okay on input line 35.
LaTeX Font Info:    Checking defaults for U/cmr/m/n on input line 35.
LaTeX Font Info:    ... okay on input line 35.
LaTeX Font Info:    Checking defaults for T2A/cmr/m/n on input line 35.
LaTeX Font Info:    ... okay on input line 35.
LaTeX Font Info:    Checking defaults for PD1/pdf/m/n on input line 35.
LaTeX Font Info:    ... okay on input line 35.
LaTeX Font Info:    Checking defaults for PU/pdf/m/n on input line 35.
LaTeX Font Info:    ... okay on input line 35.
LaTeX Info: Redefining \th on input line 35.

("C:\Users\–•–∏—Ç—Ä–∏–Ω—Ü–µ–≤–∞ –í–∞–ª–µ—Ä–∏—è\AppData\Local\Programs\MiKTeX\te
x/context/base/mkii\supp-pdf.mkii"
[Loading MPS to PDF converter (version 2006.09.02).]
\scratchcounter=\count282
\scratchdimen=\dimen169
\scratchbox=\box52
\nofMPsegments=\count283
\nofMParguments=\count284
\everyMPshowfont=\toks27
\MPscratchCnt=\count285
\MPscratchDim=\dimen170
\MPnumerator=\count286
\makeMPintoPDFobject=\count287
\everyMPtoPDFconversion=\toks28
)
Package caption Info: Begin \AtBeginDocument code.
Package caption Info: hyperref package is loaded.
Package caption Info: End \AtBeginDocument code.
Package hyperref Info: Link coloring OFF on input line 35.

("C:\Users\–•–∏—Ç—Ä–∏–Ω—Ü–µ–≤–∞ –í–∞–ª–µ—Ä–∏—è\AppData\Local\Programs\MiKTeX\te
x/latex/hyperref\nameref.sty"
Package: nameref 2019/09/16 v2.46 Cross-referencing by name of section

("C:\Users\–•–∏—Ç—Ä–∏–Ω—Ü–µ–≤–∞ –í–∞–ª–µ—Ä–∏—è\AppData\Local\Programs\MiKTeX\te
x/latex/refcount\refcount.sty"
Package: refcount 2019/12/15 v3.6 Data extraction from label references (HO)
)
("C:\Users\–•–∏—Ç—Ä–∏–Ω—Ü–µ–≤–∞ –í–∞–ª–µ—Ä–∏—è\AppData\Local\Programs\MiKTeX\te
x/generic/gettitlestring\gettitlestring.sty"
Package: gettitlestring 2019/12/15 v1.6 Cleanup title references (HO)
)
\c@section@level=\count288
)
LaTeX Info: Redefining \ref on input line 35.
LaTeX Info: Redefining \pageref on input line 35.
LaTeX Info: Redefining \nameref on input line 35.
 (report_4_VV.out)
(report_4_VV.out)
\@outlinefile=\write5
\openout5 = `report_4_VV.out'.

 [1
Non-PDF special ignored!
<special> header=psfrag.pro

{C:/Users/–•–∏—Ç—Ä–∏–Ω—Ü–µ–≤–∞ –í–∞–ª–µ—Ä–∏—è/AppData/Local/MiKTeX/pdftex/confi
g/pdftex.map}] (report_4_VV.toc
LaTeX Font Info:    Trying to load font information for OT1+lmr on input line 4
.

("C:\Users\–•–∏—Ç—Ä–∏–Ω—Ü–µ–≤–∞ –í–∞–ª–µ—Ä–∏—è\AppData\Local\Programs\MiKTeX\te
x/latex/lm\ot1lmr.fd"
File: ot1lmr.fd 2009/10/30 v1.6 Font defs for Latin Modern
)
LaTeX Font Info:    Trying to load font information for OML+lmm on input line 4
.

("C:\Users\–•–∏—Ç—Ä–∏–Ω—Ü–µ–≤–∞ –í–∞–ª–µ—Ä–∏—è\AppData\Local\Programs\MiKTeX\te
x/latex/lm\omllmm.fd"
File: omllmm.fd 2009/10/30 v1.6 Font defs for Latin Modern
)
LaTeX Font Info:    Trying to load font information for OMS+lmsy on input line 
4.

("C:\Users\–•–∏—Ç—Ä–∏–Ω—Ü–µ–≤–∞ –í–∞–ª–µ—Ä–∏—è\AppData\Local\Programs\MiKTeX\te
x/latex/lm\omslmsy.fd"
File: omslmsy.fd 2009/10/30 v1.6 Font defs for Latin Modern
)
LaTeX Font Info:    Trying to load font information for OMX+lmex on input line 
4.

("C:\Users\–•–∏—Ç—Ä–∏–Ω—Ü–µ–≤–∞ –í–∞–ª–µ—Ä–∏—è\AppData\Local\Programs\MiKTeX\te
x/latex/lm\omxlmex.fd"
File: omxlmex.fd 2009/10/30 v1.6 Font defs for Latin Modern
)
LaTeX Font Info:    External font `lmex10' loaded for size
(Font)              <14.4> on input line 4.
LaTeX Font Info:    External font `lmex10' loaded for size
(Font)              <10> on input line 4.
LaTeX Font Info:    External font `lmex10' loaded for size
(Font)              <7> on input line 4.
LaTeX Font Info:    Trying to load font information for U+msa on input line 4.

("C:\Users\–•–∏—Ç—Ä–∏–Ω—Ü–µ–≤–∞ –í–∞–ª–µ—Ä–∏—è\AppData\Local\Programs\MiKTeX\te
x/latex/amsfonts\umsa.fd"
File: umsa.fd 2013/01/14 v3.01 AMS symbols A
)
LaTeX Font Info:    Trying to load font information for U+msb on input line 4.

("C:\Users\–•–∏—Ç—Ä–∏–Ω—Ü–µ–≤–∞ –í–∞–ª–µ—Ä–∏—è\AppData\Local\Programs\MiKTeX\te
x/latex/amsfonts\umsb.fd"
File: umsb.fd 2013/01/14 v3.01 AMS symbols B
))
\tf@toc=\write6
\openout6 = `report_4_VV.toc'.

 [2] [3] [4]
<graphs/graphs_l/ro.pdf, id=63, 774.895pt x 593.21625pt>
File: graphs/graphs_l/ro.pdf Graphic file (type pdf)
<use graphs/graphs_l/ro.pdf>
Package pdftex.def Info: graphs/graphs_l/ro.pdf  used on input line 172.
(pdftex.def)             Requested size: 124.33623pt x 95.17903pt.
LaTeX Font Info:    External font `lmex10' loaded for size
(Font)              <12> on input line 173.
LaTeX Font Info:    External font `lmex10' loaded for size
(Font)              <8> on input line 173.
LaTeX Font Info:    External font `lmex10' loaded for size
(Font)              <6> on input line 173.
<graphs/graphs_l/T.pdf, id=64, 774.895pt x 593.21625pt>
File: graphs/graphs_l/T.pdf Graphic file (type pdf)
<use graphs/graphs_l/T.pdf>
Package pdftex.def Info: graphs/graphs_l/T.pdf  used on input line 175.
(pdftex.def)             Requested size: 124.33623pt x 95.17903pt.
<graphs/graphs_l/ro_srez.pdf, id=65, 774.895pt x 593.21625pt>
File: graphs/graphs_l/ro_srez.pdf Graphic file (type pdf)
<use graphs/graphs_l/ro_srez.pdf>
Package pdftex.def Info: graphs/graphs_l/ro_srez.pdf  used on input line 178.
(pdftex.def)             Requested size: 129.74753pt x 99.32472pt.
<graphs/graphs_l/T_srez.pdf, id=66, 774.895pt x 593.21625pt>
File: graphs/graphs_l/T_srez.pdf Graphic file (type pdf)
<use graphs/graphs_l/T_srez.pdf>
Package pdftex.def Info: graphs/graphs_l/T_srez.pdf  used on input line 181.
(pdftex.def)             Requested size: 129.74753pt x 99.32472pt.
LaTeX Font Info:    External font `lmex10' loaded for size
(Font)              <10.95> on input line 184.
<graphs/graphs_l/v1/wave_t-0_v1.pdf, id=67, 774.895pt x 593.21625pt>
File: graphs/graphs_l/v1/wave_t-0_v1.pdf Graphic file (type pdf)
<use graphs/graphs_l/v1/wave_t-0_v1.pdf>
Package pdftex.def Info: graphs/graphs_l/v1/wave_t-0_v1.pdf  used on input line
 191.
(pdftex.def)             Requested size: 124.33623pt x 95.17903pt.
<graphs/graphs_l/v1/wave_t-8_v1.pdf, id=68, 774.895pt x 593.21625pt>
File: graphs/graphs_l/v1/wave_t-8_v1.pdf Graphic file (type pdf)
<use graphs/graphs_l/v1/wave_t-8_v1.pdf>
Package pdftex.def Info: graphs/graphs_l/v1/wave_t-8_v1.pdf  used on input line
 194.
(pdftex.def)             Requested size: 124.33623pt x 95.17903pt.
<graphs/graphs_l/v1/wave_t-16_v1.pdf, id=69, 774.895pt x 593.21625pt>
File: graphs/graphs_l/v1/wave_t-16_v1.pdf Graphic file (type pdf)
<use graphs/graphs_l/v1/wave_t-16_v1.pdf>
Package pdftex.def Info: graphs/graphs_l/v1/wave_t-16_v1.pdf  used on input lin
e 197.
(pdftex.def)             Requested size: 124.33623pt x 95.17903pt.
<graphs/graphs_l/v1/wave_t-24_v1.pdf, id=70, 774.895pt x 593.21625pt>
File: graphs/graphs_l/v1/wave_t-24_v1.pdf Graphic file (type pdf)
<use graphs/graphs_l/v1/wave_t-24_v1.pdf>
Package pdftex.def Info: graphs/graphs_l/v1/wave_t-24_v1.pdf  used on input lin
e 200.
(pdftex.def)             Requested size: 124.33623pt x 95.17903pt.
<graphs/graphs_l/v1/wave_t-0_v1_srez.pdf, id=71, 774.895pt x 593.21625pt>
File: graphs/graphs_l/v1/wave_t-0_v1_srez.pdf Graphic file (type pdf)
<use graphs/graphs_l/v1/wave_t-0_v1_srez.pdf>
Package pdftex.def Info: graphs/graphs_l/v1/wave_t-0_v1_srez.pdf  used on input
 line 210.
(pdftex.def)             Requested size: 129.74753pt x 99.32472pt.
<graphs/graphs_l/v1/wave_t-8_v1_srez.pdf, id=72, 774.895pt x 593.21625pt>
File: graphs/graphs_l/v1/wave_t-8_v1_srez.pdf Graphic file (type pdf)
<use graphs/graphs_l/v1/wave_t-8_v1_srez.pdf>
Package pdftex.def Info: graphs/graphs_l/v1/wave_t-8_v1_srez.pdf  used on input
 line 213.
(pdftex.def)             Requested size: 129.74753pt x 99.32472pt.
<graphs/graphs_l/v1/wave_t-16_v1_srez.pdf, id=73, 774.895pt x 593.21625pt>
File: graphs/graphs_l/v1/wave_t-16_v1_srez.pdf Graphic file (type pdf)
<use graphs/graphs_l/v1/wave_t-16_v1_srez.pdf>
Package pdftex.def Info: graphs/graphs_l/v1/wave_t-16_v1_srez.pdf  used on inpu
t line 216.
(pdftex.def)             Requested size: 129.74753pt x 99.32472pt.
<graphs/graphs_l/v1/wave_t-24_v1_srez.pdf, id=74, 774.895pt x 593.21625pt>
File: graphs/graphs_l/v1/wave_t-24_v1_srez.pdf Graphic file (type pdf)
<use graphs/graphs_l/v1/wave_t-24_v1_srez.pdf>
Package pdftex.def Info: graphs/graphs_l/v1/wave_t-24_v1_srez.pdf  used on inpu
t line 219.
(pdftex.def)             Requested size: 129.74753pt x 99.32472pt.
<graphs/graphs_l/v2/wave_t-0_v2.pdf, id=75, 774.895pt x 593.21625pt>
File: graphs/graphs_l/v2/wave_t-0_v2.pdf Graphic file (type pdf)
<use graphs/graphs_l/v2/wave_t-0_v2.pdf>
Package pdftex.def Info: graphs/graphs_l/v2/wave_t-0_v2.pdf  used on input line
 229.
(pdftex.def)             Requested size: 124.33623pt x 95.17903pt.
<graphs/graphs_l/v2/wave_t-8_v2.pdf, id=76, 774.895pt x 593.21625pt>
File: graphs/graphs_l/v2/wave_t-8_v2.pdf Graphic file (type pdf)
<use graphs/graphs_l/v2/wave_t-8_v2.pdf>
Package pdftex.def Info: graphs/graphs_l/v2/wave_t-8_v2.pdf  used on input line
 232.
(pdftex.def)             Requested size: 124.33623pt x 95.17903pt.
<graphs/graphs_l/v2/wave_t-16_v2.pdf, id=77, 774.895pt x 593.21625pt>
File: graphs/graphs_l/v2/wave_t-16_v2.pdf Graphic file (type pdf)
<use graphs/graphs_l/v2/wave_t-16_v2.pdf>
Package pdftex.def Info: graphs/graphs_l/v2/wave_t-16_v2.pdf  used on input lin
e 235.
(pdftex.def)             Requested size: 124.33623pt x 95.17903pt.
<graphs/graphs_l/v2/wave_t-24_v2.pdf, id=78, 774.895pt x 593.21625pt>
File: graphs/graphs_l/v2/wave_t-24_v2.pdf Graphic file (type pdf)
<use graphs/graphs_l/v2/wave_t-24_v2.pdf>
Package pdftex.def Info: graphs/graphs_l/v2/wave_t-24_v2.pdf  used on input lin
e 238.
(pdftex.def)             Requested size: 124.33623pt x 95.17903pt.


LaTeX Warning: `!h' float specifier changed to `!ht'.


LaTeX Warning: `!h' float specifier changed to `!ht'.

<graphs/graphs_l/v2/wave_t-0_v2_srez.pdf, id=79, 774.895pt x 593.21625pt>
File: graphs/graphs_l/v2/wave_t-0_v2_srez.pdf Graphic file (type pdf)
<use graphs/graphs_l/v2/wave_t-0_v2_srez.pdf>
Package pdftex.def Info: graphs/graphs_l/v2/wave_t-0_v2_srez.pdf  used on input
 line 248.
(pdftex.def)             Requested size: 129.74753pt x 99.32472pt.
<graphs/graphs_l/v2/wave_t-8_v2_srez.pdf, id=80, 774.895pt x 593.21625pt>
File: graphs/graphs_l/v2/wave_t-8_v2_srez.pdf Graphic file (type pdf)
<use graphs/graphs_l/v2/wave_t-8_v2_srez.pdf>
Package pdftex.def Info: graphs/graphs_l/v2/wave_t-8_v2_srez.pdf  used on input
 line 251.
(pdftex.def)             Requested size: 129.74753pt x 99.32472pt.
<graphs/graphs_l/v2/wave_t-16_v2_srez.pdf, id=81, 774.895pt x 593.21625pt>
File: graphs/graphs_l/v2/wave_t-16_v2_srez.pdf Graphic file (type pdf)
<use graphs/graphs_l/v2/wave_t-16_v2_srez.pdf>
Package pdftex.def Info: graphs/graphs_l/v2/wave_t-16_v2_srez.pdf  used on inpu
t line 254.
(pdftex.def)             Requested size: 129.74753pt x 99.32472pt.
<graphs/graphs_l/v2/wave_t-24_v2_srez.pdf, id=82, 774.895pt x 593.21625pt>
File: graphs/graphs_l/v2/wave_t-24_v2_srez.pdf Graphic file (type pdf)
<use graphs/graphs_l/v2/wave_t-24_v2_srez.pdf>
Package pdftex.def Info: graphs/graphs_l/v2/wave_t-24_v2_srez.pdf  used on inpu
t line 257.
(pdftex.def)             Requested size: 129.74753pt x 99.32472pt.

LaTeX Warning: `!h' float specifier changed to `!ht'.

[5 <./graphs/graphs_l/ro.pdf> <./graphs/graphs_l/T.pdf

pdfTeX warning: pdflatex.exe (file ./graphs/graphs_l/T.pdf): PDF inclusion: mul
tiple pdfs with page group included in a single page
> <./graphs/graphs_l/ro_srez.pdf

pdfTeX warning: pdflatex.exe (file ./graphs/graphs_l/ro_srez.pdf): PDF inclusio
n: multiple pdfs with page group included in a single page
> <./graphs/graphs_l/T_srez.pdf

pdfTeX warning: pdflatex.exe (file ./graphs/graphs_l/T_srez.pdf): PDF inclusion
: multiple pdfs with page group included in a single page
> <./graphs/graphs_l/v1/wave_t-0_v1.pdf

pdfTeX warning: pdflatex.exe (file ./graphs/graphs_l/v1/wave_t-0_v1.pdf): PDF i
nclusion: multiple pdfs with page group included in a single page
> <./graphs/graphs_l/v1/wave_t-8_v1.pdf

pdfTeX warning: pdflatex.exe (file ./graphs/graphs_l/v1/wave_t-8_v1.pdf): PDF i
nclusion: multiple pdfs with page group included in a single page
> <./graphs/graphs_l/v1/wave_t-16_v1.pdf

pdfTeX warning: pdflatex.exe (file ./graphs/graphs_l/v1/wave_t-16_v1.pdf): PDF 
inclusion: multiple pdfs with page group included in a single page
> <./graphs/graphs_l/v1/wave_t-24_v1.pdf

pdfTeX warning: pdflatex.exe (file ./graphs/graphs_l/v1/wave_t-24_v1.pdf): PDF 
inclusion: multiple pdfs with page group included in a single page
>]
Underfull \hbox (badness 10000) in paragraph at lines 274--275

 []

[6 <./graphs/graphs_l/v1/wave_t-0_v1_srez.pdf> <./graphs/graphs_l/v1/wave_t-8_v
1_srez.pdf

pdfTeX warning: pdflatex.exe (file ./graphs/graphs_l/v1/wave_t-8_v1_srez.pdf): 
PDF inclusion: multiple pdfs with page group included in a single page
> <./graphs/graphs_l/v1/wave_t-16_v1_srez.pdf

pdfTeX warning: pdflatex.exe (file ./graphs/graphs_l/v1/wave_t-16_v1_srez.pdf):
 PDF inclusion: multiple pdfs with page group included in a single page
> <./graphs/graphs_l/v1/wave_t-24_v1_srez.pdf

pdfTeX warning: pdflatex.exe (file ./graphs/graphs_l/v1/wave_t-24_v1_srez.pdf):
 PDF inclusion: multiple pdfs with page group included in a single page
> <./graphs/graphs_l/v2/wave_t-0_v2.pdf

pdfTeX warning: pdflatex.exe (file ./graphs/graphs_l/v2/wave_t-0_v2.pdf): PDF i
nclusion: multiple pdfs with page group included in a single page
> <./graphs/graphs_l/v2/wave_t-8_v2.pdf

pdfTeX warning: pdflatex.exe (file ./graphs/graphs_l/v2/wave_t-8_v2.pdf): PDF i
nclusion: multiple pdfs with page group included in a single page
> <./graphs/graphs_l/v2/wave_t-16_v2.pdf

pdfTeX warning: pdflatex.exe (file ./graphs/graphs_l/v2/wave_t-16_v2.pdf): PDF 
inclusion: multiple pdfs with page group included in a single page
> <./graphs/graphs_l/v2/wave_t-24_v2.pdf

pdfTeX warning: pdflatex.exe (file ./graphs/graphs_l/v2/wave_t-24_v2.pdf): PDF 
inclusion: multiple pdfs with page group included in a single page
> <./graphs/graphs_l/v2/wave_t-0_v2_srez.pdf

pdfTeX warning: pdflatex.exe (file ./graphs/graphs_l/v2/wave_t-0_v2_srez.pdf): 
PDF inclusion: multiple pdfs with page group included in a single page
> <./graphs/graphs_l/v2/wave_t-8_v2_srez.pdf

pdfTeX warning: pdflatex.exe (file ./graphs/graphs_l/v2/wave_t-8_v2_srez.pdf): 
PDF inclusion: multiple pdfs with page group included in a single page
> <./graphs/graphs_l/v2/wave_t-16_v2_srez.pdf

pdfTeX warning: pdflatex.exe (file ./graphs/graphs_l/v2/wave_t-16_v2_srez.pdf):
 PDF inclusion: multiple pdfs with page group included in a single page
> <./graphs/graphs_l/v2/wave_t-24_v2_srez.pdf

pdfTeX warning: pdflatex.exe (file ./graphs/graphs_l/v2/wave_t-24_v2_srez.pdf):
 PDF inclusion: multiple pdfs with page group included in a single page
>] [7] (report_4_VV.aux)

LaTeX Warning: There were multiply-defined labels.

Package rerunfilecheck Info: File `report_4_VV.out' has not changed.
(rerunfilecheck)             Checksum: 326D35E6CE4694164EE9D7BB1B667107;1308.
 ) 
Here is how much of TeX's memory you used:
 13617 strings out of 479618
 211388 string characters out of 2850739
 501513 words of memory out of 3000000
 30476 multiletter control sequences out of 15000+200000
 441262 words of font info for 76 fonts, out of 3000000 for 9000
 1141 hyphenation exceptions out of 8191
 72i,9n,117p,738b,431s stack positions out of 5000i,500n,10000p,200000b,50000s
 <C:\Users\–•–∏—Ç—Ä–∏–Ω—Ü–µ–≤–∞ –í–∞–ª–µ—Ä–∏—è\AppData\Local\MiKTeX\fonts/pk/
ljfour/lh/lh-t2a/dpi600\larm1095.pk>{C:/Users/–•–∏—Ç—Ä–∏–Ω—Ü–µ–≤–∞ –í–∞–ª–µ—Ä–∏
—è/AppData/Local/Programs/MiKTeX/fonts/enc/dvips/lm/lm-mathit.enc}{C:/Users/–•–
∏—Ç—Ä–∏–Ω—Ü–µ–≤–∞ –í–∞–ª–µ—Ä–∏—è/AppData/Local/Programs/MiKTeX/fonts/enc/dvips/
lm/lm-mathsy.enc}{C:/Users/–•–∏—Ç—Ä–∏–Ω—Ü–µ–≤–∞ –í–∞–ª–µ—Ä–∏—è/AppData/Local/Pr
ograms/MiKTeX/fonts/enc/dvips/lm/lm-mathex.enc}{C:/Users/–•–∏—Ç—Ä–∏–Ω—Ü–µ–≤–∞ –
í–∞–ª–µ—Ä–∏—è/AppData/Local/Programs/MiKTeX/fonts/enc/dvips/lm/lm-rm.enc} <C:\U
sers\–•–∏—Ç—Ä–∏–Ω—Ü–µ–≤–∞ –í–∞–ª–µ—Ä–∏—è\AppData\Local\MiKTeX\fonts/pk/ljfour/j
knappen/ec/dpi600\tcrm1440.pk> <C:\Users\–•–∏—Ç—Ä–∏–Ω—Ü–µ–≤–∞ –í–∞–ª–µ—Ä–∏—è\Ap
pData\Local\MiKTeX\fonts/pk/ljfour/lh/lh-t2a/dpi600\larm1200.pk> <C:\Users\–•–∏
—Ç—Ä–∏–Ω—Ü–µ–≤–∞ –í–∞–ª–µ—Ä–∏—è\AppData\Local\MiKTeX\fonts/pk/ljfour/lh/lh-t2a/
dpi600\labx1440.pk> <C:\Users\–•–∏—Ç—Ä–∏–Ω—Ü–µ–≤–∞ –í–∞–ª–µ—Ä–∏—è\AppData\Local
\MiKTeX\fonts/pk/ljfour/lh/lh-t2a/dpi600\labx1728.pk> <C:\Users\–•–∏—Ç—Ä–∏–Ω—Ü–
µ–≤–∞ –í–∞–ª–µ—Ä–∏—è\AppData\Local\MiKTeX\fonts/pk/ljfour/lh/lh-t2a/dpi600\larm
1440.pk><C:/Users/–•–∏—Ç—Ä–∏–Ω—Ü–µ–≤–∞ –í–∞–ª–µ—Ä–∏—è/AppData/Local/Programs/Mi
KTeX/fonts/type1/public/lm/lmex10.pfb><C:/Users/–•–∏—Ç—Ä–∏–Ω—Ü–µ–≤–∞ –í–∞–ª–µ—Ä
–∏—è/AppData/Local/Programs/MiKTeX/fonts/type1/public/lm/lmmi10.pfb><C:/Users/–
•–∏—Ç—Ä–∏–Ω—Ü–µ–≤–∞ –í–∞–ª–µ—Ä–∏—è/AppData/Local/Programs/MiKTeX/fonts/type1/pu
blic/lm/lmmi12.pfb><C:/Users/–•–∏—Ç—Ä–∏–Ω—Ü–µ–≤–∞ –í–∞–ª–µ—Ä–∏—è/AppData/Local/
Programs/MiKTeX/fonts/type1/public/lm/lmr10.pfb><C:/Users/–•–∏—Ç—Ä–∏–Ω—Ü–µ–≤–∞ 
–í–∞–ª–µ—Ä–∏—è/AppData/Local/Programs/MiKTeX/fonts/type1/public/lm/lmr12.pfb><C
:/Users/–•–∏—Ç—Ä–∏–Ω—Ü–µ–≤–∞ –í–∞–ª–µ—Ä–∏—è/AppData/Local/Programs/MiKTeX/fonts
/type1/public/lm/lmsy10.pfb>
Output written on report_4_VV.pdf (7 pages, 816109 bytes).
PDF statistics:
 674 PDF objects out of 1000 (max. 8388607)
 32 named destinations out of 1000 (max. 500000)
 149 words of extra memory for PDF output out of 10000 (max. 10000000)

